<?xml version="1.0" encoding="UTF-8"?>
<!-- Generated by org.testng.reporters.JUnitXMLReporter -->
<testsuite ignored="3" hostname="LAPTOP-N926GS71" failures="0" tests="3" name="Default test" time="31.325" errors="0" timestamp="2022-08-18T14:12:02 IST">
  <testcase classname="bs.testcase.LoginPage_Test" name="MultipleUserLoginTest" time="1.529"/>
  <testcase classname="bs.testcase.LoginPage_Test" name="MultipleUserLoginTest" time="0.774"/>
  <testcase classname="bs.testcase.LoginPage_Test" name="MultipleUserLoginTest" time="0.7"/>
  <testcase classname="bs.testcase.LoginPage_Test" name="loginTest" time="0.0">
    <ignored/>
  </testcase> <!-- loginTest -->
  <testcase classname="bs.testcase.LoginPage_Test" name="ImageTest" time="0.0">
    <ignored/>
  </testcase> <!-- ImageTest -->
  <testcase classname="bs.testcase.LoginPage_Test" name="loginPageTitleTest" time="0.0">
    <ignored/>
  </testcase> <!-- loginPageTitleTest -->
</testsuite> <!-- Default test -->
