<?xml version="1.0" encoding="UTF-8"?>
<!-- Generated by org.testng.reporters.JUnitXMLReporter -->
<testsuite ignored="0" hostname="LAPTOP-N926GS71" failures="0" tests="19" name="Test" time="229.018" errors="0" timestamp="2022-08-18T14:17:29 IST">
  <testcase classname="bs.testcase.LoginPage_Test" name="loginPageTitleTest" time="0.056"/>
  <testcase classname="bs.testcase.LoginPage_Test" name="ImageTest" time="0.064"/>
  <testcase classname="bs.testcase.LoginPage_Test" name="loginTest" time="0.995"/>
  <testcase classname="bs.testcase.LoginPage_Test" name="MultipleUserLoginTest" time="1.023"/>
  <testcase classname="bs.testcase.LoginPage_Test" name="MultipleUserLoginTest" time="0.783"/>
  <testcase classname="bs.testcase.LoginPage_Test" name="MultipleUserLoginTest" time="0.66"/>
  <testcase classname="bs.testcase.HomePage_Test" name="HomePageTitleTest" time="2.037"/>
  <testcase classname="bs.testcase.HomePage_Test" name="verifyUserNameTest" time="0.041"/>
  <testcase classname="bs.testcase.HomePage_Test" name="verifyClickOnLogout" time="7.993"/>
  <testcase classname="bs.testcase.Add_Address_Test" name="add_Address_Test" time="3.254"/>
  <testcase classname="bs.testcase.Request_Book_Test" name="Request_a_BookTest" time="12.193"/>
  <testcase classname="bs.testcase.Request_Book_Test" name="it_shows_a_successful_message" time="9.398"/>
  <testcase classname="bs.testcase.SearchBook_Test" name="verifySearchPageTest" time="10.674"/>
  <testcase classname="bs.testcase.WishList_Test" name="feature_authTest" time="8.255"/>
  <testcase classname="bs.testcase.WishList_Test" name="search_BookNameTest" time="5.378"/>
  <testcase classname="bs.testcase.WishList_Test" name="addWishlist_AuthorNameTest" time="7.422"/>
  <testcase classname="bs.testcase.WishList_Test" name="addWishlist_PublisherTest" time="5.456"/>
  <testcase classname="bs.testcase.WishList_Test" name="wishlist_Test" time="2.604"/>
  <testcase classname="bs.testcase.ChangePassword_Test" name="request_a_bookTest" time="4.202"/>
</testsuite> <!-- Test -->
